<?xml version="1.0" encoding="UTF-8"?>
<testsuite xmlns:xsi="http://www.w3.org/2001/XMLSchema-instance" xsi:noNamespaceSchemaLocation="https://maven.apache.org/surefire/maven-surefire-plugin/xsd/surefire-test-report-3.0.xsd" version="3.0" name="org.connectorio.addons.binding.ocpp.internal.handler.ChargingCommandHandlerTest" time="0.074" tests="4" errors="0" skipped="0" failures="0">
  <properties>
[...]
</properties>
  <testcase name="shouldIgnoreUnsupportedCommandType" classname="org.connectorio.addons.binding.ocpp.internal.handler.ChargingCommandHandlerTest" time="0.005">
    <system-out><![CDATA[14:25:05.694 [main] WARN org.connectorio.addons.binding.ocpp.internal.handler.ChargingCommandHandler - Unsupported command type for charging control: class org.openhab.core.library.types.StringType
]]></system-out>
  </testcase>
  <testcase name="shouldSendRemoteStopTransactionForOffCommand" classname="org.connectorio.addons.binding.ocpp.internal.handler.ChargingCommandHandlerTest" time="0.011">
    <system-out><![CDATA[14:25:05.704 [main] INFO org.connectorio.addons.binding.ocpp.internal.handler.ChargingCommandHandler - RemoteStopTransaction for transaction 123 sent successfully: null
]]></system-out>
  </testcase>
  <testcase name="shouldSendRemoteStartTransactionForOnCommand" classname="org.connectorio.addons.binding.ocpp.internal.handler.ChargingCommandHandlerTest" time="0.037">
    <system-out><![CDATA[14:25:05.747 [main] INFO org.connectorio.addons.binding.ocpp.internal.handler.ChargingCommandHandler - RemoteStartTransaction with tag openhab sent successfully: null
]]></system-out>
  </testcase>
  <testcase name="shouldNotSendWhenTransactionIdIsMissing" classname="org.connectorio.addons.binding.ocpp.internal.handler.ChargingCommandHandlerTest" time="0.003">
    <system-out><![CDATA[14:25:05.761 [main] WARN org.connectorio.addons.binding.ocpp.internal.handler.ChargingCommandHandler - No active transaction found for RemoteStopTransaction.
]]></system-out>
  </testcase>
</testsuite>